Technology/app/build/intermediates/manifest_merge_blame_file/debug/manifest-merger-blame-debug-report.txt
1<?xml version="1.0" encoding="utf-8"?>
2<manifest xmlns:android="http://schemas.android.com/apk/res/android"
3    package="com.example.technology"
4    android:versionCode="1"
5    android:versionName="1.0" >
6
7    <uses-sdk
8        android:minSdkVersion="21"
8-->src\main\AndroidManifest.xml
9        android:targetSdkVersion="29" />
9-->src\main\AndroidManifest.xml
10
11    <application
11-->src\main\AndroidManifest.xml:5:5-25:19
12        android:allowBackup="true"
12-->src\main\AndroidManifest.xml:6:9-35
13        android:appComponentFactory="androidx.core.app.CoreComponentFactory"
13-->[androidx.core:core:1.1.0] AndroidManifest.xml:24:18-86
14        android:debuggable="true"
15        android:icon="@mipmap/ic_launcher"
15-->src\main\AndroidManifest.xml:7:9-43
16        android:label="@string/app_name"
16-->src\main\AndroidManifest.xml:8:9-41
17        android:roundIcon="@mipmap/ic_launcher_round"
17-->src\main\AndroidManifest.xml:9:9-54
18        android:supportsRtl="true"
18-->src\main\AndroidManifest.xml:10:9-35
19        android:testOnly="true"
20        android:theme="@style/AppTheme" >
20-->src\main\AndroidManifest.xml:11:9-40
21        <activity android:name="com.example.technology.DetailActivity" />
21-->src\main\AndroidManifest.xml:12:9-61
21-->src\main\AndroidManifest.xml:12:19-49
22        <activity android:name="com.example.technology.MainActivity" >
22-->src\main\AndroidManifest.xml:13:9-21:20
22-->src\main\AndroidManifest.xml:13:19-47
23            <intent-filter>
23-->src\main\AndroidManifest.xml:14:13-18:29
24                <action android:name="android.intent.action.MAIN" />
24-->src\main\AndroidManifest.xml:15:17-69
24-->src\main\AndroidManifest.xml:15:25-66
25
26                <category android:name="android.intent.category.LAUNCHER" />
26-->src\main\AndroidManifest.xml:16:1-61
26-->src\main\AndroidManifest.xml:16:11-58
27
28                <action android:name="andriod.intent.action.SEARCH" />
28-->src\main\AndroidManifest.xml:17:13-66
28-->src\main\AndroidManifest.xml:17:21-64
29            </intent-filter>
30
31            <meta-data
31-->src\main\AndroidManifest.xml:19:3-20:40
32                android:name="andriod.app.searchable"
32-->src\main\AndroidManifest.xml:19:14-51
33                android:resource="@xml/searchable" />
33-->src\main\AndroidManifest.xml:20:4-38
34        </activity>
35        <activity
35-->src\main\AndroidManifest.xml:22:9-24:40
36            android:name="com.example.technology.ListActivity"
36-->src\main\AndroidManifest.xml:23:13-41
37            android:label="Listings" />
37-->src\main\AndroidManifest.xml:24:13-37
38    </application>
39
40</manifest>